0 info it worked if it ends with ok
1 verbose cli [ '/usr/local/bin/node',
1 verbose cli   '/usr/local/bin/npm',
1 verbose cli   'install',
1 verbose cli   'webpack-merge',
1 verbose cli   '--save-dev' ]
2 info using npm@3.10.8
3 info using node@v6.8.0
4 silly loadCurrentTree Starting
5 silly install loadCurrentTree
6 silly install readLocalPackageData
7 silly fetchPackageMetaData webpack-merge
8 silly fetchNamedPackageData webpack-merge
9 silly mapToRegistry name webpack-merge
10 silly mapToRegistry using default registry
11 silly mapToRegistry registry https://repository.cars.com/artifactory/api/npm/npm
12 silly mapToRegistry data Result {
12 silly mapToRegistry   raw: 'webpack-merge',
12 silly mapToRegistry   scope: null,
12 silly mapToRegistry   escapedName: 'webpack-merge',
12 silly mapToRegistry   name: 'webpack-merge',
12 silly mapToRegistry   rawSpec: '',
12 silly mapToRegistry   spec: 'latest',
12 silly mapToRegistry   type: 'tag' }
13 silly mapToRegistry uri https://repository.cars.com/artifactory/api/npm/npm/webpack-merge
14 verbose request uri https://repository.cars.com/artifactory/api/npm/npm/webpack-merge
15 verbose request no auth needed
16 info attempt registry request try #1 at 6:57:21 PM
17 verbose request id 658fbf4416d8d692
18 http request GET https://repository.cars.com/artifactory/api/npm/npm/webpack-merge
19 info retry will retry, error on last attempt: Error: connect ECONNREFUSED 198.105.244.130:443
20 info attempt registry request try #2 at 6:57:31 PM
21 http request GET https://repository.cars.com/artifactory/api/npm/npm/webpack-merge
22 info retry will retry, error on last attempt: Error: connect ECONNREFUSED 198.105.254.130:443
23 info attempt registry request try #3 at 6:58:32 PM
24 http request GET https://repository.cars.com/artifactory/api/npm/npm/webpack-merge
25 silly fetchPackageMetaData Error: connect ECONNREFUSED 198.105.244.130:443
25 silly fetchPackageMetaData     at Object.exports._errnoException (util.js:1026:11)
25 silly fetchPackageMetaData     at exports._exceptionWithHostPort (util.js:1049:20)
25 silly fetchPackageMetaData     at TCPConnectWrap.afterConnect [as oncomplete] (net.js:1085:14)
25 silly fetchPackageMetaData  error for webpack-merge { Error: connect ECONNREFUSED 198.105.244.130:443
25 silly fetchPackageMetaData     at Object.exports._errnoException (util.js:1026:11)
25 silly fetchPackageMetaData     at exports._exceptionWithHostPort (util.js:1049:20)
25 silly fetchPackageMetaData     at TCPConnectWrap.afterConnect [as oncomplete] (net.js:1085:14)
25 silly fetchPackageMetaData   code: 'ECONNREFUSED',
25 silly fetchPackageMetaData   errno: 'ECONNREFUSED',
25 silly fetchPackageMetaData   syscall: 'connect',
25 silly fetchPackageMetaData   address: '198.105.244.130',
25 silly fetchPackageMetaData   port: 443 }
26 silly rollbackFailedOptional Starting
27 silly rollbackFailedOptional Finishing
28 silly runTopLevelLifecycles Finishing
29 silly install printInstalled
30 verbose stack Error: connect ECONNREFUSED 198.105.244.130:443
30 verbose stack     at Object.exports._errnoException (util.js:1026:11)
30 verbose stack     at exports._exceptionWithHostPort (util.js:1049:20)
30 verbose stack     at TCPConnectWrap.afterConnect [as oncomplete] (net.js:1085:14)
31 verbose cwd /Users/michaelarledge/Documents/Sites/MeatRack
32 error Darwin 16.3.0
33 error argv "/usr/local/bin/node" "/usr/local/bin/npm" "install" "webpack-merge" "--save-dev"
34 error node v6.8.0
35 error npm  v3.10.8
36 error code ECONNREFUSED
37 error errno ECONNREFUSED
38 error syscall connect
39 error Error: connect ECONNREFUSED 198.105.244.130:443
39 error     at Object.exports._errnoException (util.js:1026:11)
39 error     at exports._exceptionWithHostPort (util.js:1049:20)
39 error     at TCPConnectWrap.afterConnect [as oncomplete] (net.js:1085:14)
39 error  { Error: connect ECONNREFUSED 198.105.244.130:443
39 error     at Object.exports._errnoException (util.js:1026:11)
39 error     at exports._exceptionWithHostPort (util.js:1049:20)
39 error     at TCPConnectWrap.afterConnect [as oncomplete] (net.js:1085:14)
39 error   code: 'ECONNREFUSED',
39 error   errno: 'ECONNREFUSED',
39 error   syscall: 'connect',
39 error   address: '198.105.244.130',
39 error   port: 443 }
40 error If you are behind a proxy, please make sure that the
40 error 'proxy' config is set properly.  See: 'npm help config'
41 verbose exit [ 1, true ]
